<?xml version="1.0" encoding="UTF-8"?>
<testng-results ignored="0" total="1" passed="1" failed="0" skipped="0">
  <reporter-output>
    <line>
      <![CDATA[Signout Successful]]>
    </line>
    <line>
      <![CDATA[Closebrowser Successfully]]>
    </line>
  </reporter-output>
  <suite started-at="2025-06-14T17:10:39 IST" name="Default suite" finished-at="2025-06-14T17:10:59 IST" duration-ms="19356">
    <groups>
    </groups>
    <test started-at="2025-06-14T17:10:39 IST" name="Default test" finished-at="2025-06-14T17:10:59 IST" duration-ms="19356">
      <class name="ProductTest.Logout">
        <test-method is-config="true" signature="browserSetup()[pri:0, instance:ProductTest.Logout@2e385cce]" started-at="2025-06-14T17:10:39 IST" name="browserSetup" finished-at="2025-06-14T17:10:50 IST" duration-ms="11139" status="PASS">
          <reporter-output>
          </reporter-output>
        </test-method> <!-- browserSetup -->
        <test-method signature="userLogout()[pri:0, instance:ProductTest.Logout@2e385cce]" started-at="2025-06-14T17:10:50 IST" name="userLogout" finished-at="2025-06-14T17:10:59 IST" duration-ms="8161" status="PASS">
          <reporter-output>
            <line>
              <![CDATA[Signout Successful]]>
            </line>
          </reporter-output>
        </test-method> <!-- userLogout -->
        <test-method is-config="true" signature="closebrowser()[pri:0, instance:ProductTest.Logout@2e385cce]" started-at="2025-06-14T17:10:59 IST" name="closebrowser" finished-at="2025-06-14T17:10:59 IST" duration-ms="8" status="PASS">
          <reporter-output>
            <line>
              <![CDATA[Closebrowser Successfully]]>
            </line>
          </reporter-output>
        </test-method> <!-- closebrowser -->
      </class> <!-- ProductTest.Logout -->
    </test> <!-- Default test -->
  </suite> <!-- Default suite -->
</testng-results>
